MongoDB shell version v3.4.2
connecting to: mongodb://192.168.56.233:27117/lsst
MongoDB server version: 3.4.2
-179.99971356271502 179.99968414338963 -179.9997230884636 179.99993365036
100
0.09056949596670477
0.09056949596670477
0.05952943359781142
0.06901051502206228
0.07219546460719503
0.06104973528088877
0.06811873237604572
0.07133032997570289
0.06901051502206228
0.07219546460719503
0.07784432726832347
0.04347967423441167
0.08910416657623602
0.067277548771529
0.051529764832928183
0.08910416657623602
0.051529764832928183
0.03285484063282727
0.032781478805811885
0.03913122031613358
0.03285484063282727
0.08839082731902659
0.03913122031613358
0.032781478805811885
0.05952943359781142
0.06104973528088877
0.07133032997570289
0.07784432726832347
0.067277548771529
0.04347967423441167
0.06811873237604572
0.07user 0.02system 16:10.80elapsed 0%CPU (0avgtext+0avgdata 30920maxresident)k
0inputs+16outputs (0major+2687minor)pagefaults 0swaps
