============================================ try_geo
geo created
object created {'ra': 318.7811190893904, '_id': ObjectId('58f5d4111a789709b637450f'), 'decl': 329.82387263058763, 'deepSourceId': 88554926}
object created {'ra': 100.49482855627868, '_id': ObjectId('58f5d4111a789709b6374510'), 'decl': 202.4797725261972, 'deepSourceId': 88940727}
object created {'ra': 297.90309562770796, '_id': ObjectId('58f5d4111a789709b6374511'), 'decl': 33.90546416627975, 'deepSourceId': 25953138}
object created {'ra': 208.8225451997821, '_id': ObjectId('58f5d4111a789709b6374512'), 'decl': 320.6529911762476, 'deepSourceId': 84325615}
object created {'ra': 163.00963284931524, '_id': ObjectId('58f5d4111a789709b6374513'), 'decl': 207.4159281433996, 'deepSourceId': 2028602}
-------------------------------- objects created 0.406 seconds
-------------------------------- aggregate 0.041 seconds
-------------------------------- index created{'_id_': {'v': 2, 'key': [('_id', 1)], 'ns': 'lsst.geo'}, 'deepSourceId_1': {'v': 2, 'unique': True, 'ns': 'lsst.geo', 'key': [('deepSourceId', 1)]}} 0.030 seconds
-------------------------------- create_geo_index 0.020 seconds
  >  loc_2d :  {'v': 2, 'key': [('loc', '2d')], 'ns': 'lsst.geo'}
  >  _id_ :  {'v': 2, 'key': [('_id', 1)], 'ns': 'lsst.geo'}
  >  deepSourceId_1 :  {'v': 2, 'unique': True, 'ns': 'lsst.geo', 'key': [('deepSourceId', 1)]}
object read {'loc': [138.78111908939042, 149.82387263058763], 'ra': 318.7811190893904, 'decl': 329.82387263058763}
object read {'loc': [-79.50517144372132, 22.479772526197195], 'ra': 100.49482855627868, 'decl': 202.4797725261972}
object read {'loc': [117.90309562770796, -146.09453583372024], 'ra': 297.90309562770796, 'decl': 33.90546416627975}
object read {'loc': [28.8225451997821, 140.6529911762476], 'ra': 208.8225451997821, 'decl': 320.6529911762476}
object read {'loc': [-16.99036715068476, 27.41592814339961], 'ra': 163.00963284931524, 'decl': 207.4159281433996}
object read {'loc': [46.970180376077195, 177.6830233301162], 'ra': 226.9701803760772, 'decl': 357.6830233301162}
object read {'loc': [74.64048682547593, -65.27174581433071], 'ra': 254.64048682547593, 'decl': 114.72825418566929}
-------------------------------- geo find 0.000 seconds
{'loc': [39.1277360097707, -6.244711382760784], 'ra': 219.1277360097707, 'decl': 173.75528861723922}
{'loc': [52.79175636730935, -5.384225759914102], 'ra': 232.79175636730935, 'decl': 174.6157742400859}
{'loc': [36.565204857989556, 0.11093947116219738], 'ra': 216.56520485798956, 'decl': 180.1109394711622}
{'loc': [48.7019333839404, 2.270837997023051], 'ra': 228.7019333839404, 'decl': 182.27083799702305}
============================================ prepare_Object
79226537
-------------------------------- convert RA 33255.912 seconds
object read {'loc': [-130.9966950437948, -88.2060540499612], 'ra': 49.0033049562052, 'decl': -88.2060540499612}
object read {'loc': [-130.18028127985912, -88.1920475185073], 'ra': 49.8197187201409, 'decl': -88.1920475185073}
object read {'loc': [-129.3505725489385, -88.2121068101739], 'ra': 50.6494274510615, 'decl': -88.2121068101739}
object read {'loc': [-130.362785982817, -88.222840326483], 'ra': 49.637214017183, 'decl': -88.222840326483}
object read {'loc': [-131.1043558157662, -88.2030488681417], 'ra': 48.8956441842338, 'decl': -88.2030488681417}
object read {'loc': [-131.9296715493873, -88.1800410582593], 'ra': 48.0703284506127, 'decl': -88.1800410582593}
object read {'loc': [-130.4699994438869, -88.2201351987735], 'ra': 49.5300005561131, 'decl': -88.2201351987735}
-------------------------------- create_geo_index 8100.891 seconds
  >  loc_2d :  {'v': 2, 'key': [('loc', '2d')], 'ns': 'lsst.Object'}
  >  deepSourceId_-1 :  {'v': 2, 'unique': True, 'ns': 'lsst.Object', 'key': [('deepSourceId', -1)]}
  >  chunkId_1 :  {'v': 2, 'key': [('chunkId', 1.0)], 'ns': 'lsst.Object'}
  >  _id_ :  {'v': 2, 'key': [('_id', 1)], 'ns': 'lsst.Object'}
